A51 MACRO ASSEMBLER  TAREFA7_LEITURA_SERIAL_E_ENVIO_PARA_LCD                              09/12/2023 21:48:39 PAGE     1


MACRO ASSEMBLER A51 V8.2.7.0
OBJECT MODULE PLACED IN .\Objects\tarefa7_Leitura serial e envio para LCD.obj
ASSEMBLER INVOKED BY: C:\Keil_v5\C51\BIN\A51.EXE tarefa7_Leitura serial e envio para LCD.asm SET(SMALL) DEBUG PRINT(.\Li
                      stings\tarefa7_Leitura serial e envio para LCD.lst) OBJECT(.\Objects\tarefa7_Leitura serial e envio para LCD.obj) EP

LOC  OBJ            LINE     SOURCE

                       1     
                       2     
                       3     
                       4     
                       5     
                       6     
                       7     
                       8     
                       9     
                      10     
                      11     
                      12     
                      13     
                      14     
                      15     
                      16     
                      17     
                      18     
                      19     
                      20     
                      21     
                      22     
                      23     
                      24     
                      25     
                      26     
                      27     
                      28     
                      29     
                      30     
                      31     
                      32     
                      33     
                      34     
                      35     
                      36     
                      37     
                      38     
                      39     
                      40     
                      41     
                      42     
                      43     
                      44     
                      45     
                      46     
                      47     
                      48     
                      49     
                      50     
                      51     
                      52     
                      53     
                      54     
                      55     
                      56     
                      57     
A51 MACRO ASSEMBLER  TAREFA7_LEITURA_SERIAL_E_ENVIO_PARA_LCD                              09/12/2023 21:48:39 PAGE     2

                      58     
                      59     
                      60     
                      61     
                      62     
                      63     
                      64     
                      65     
                      66     
                      67     
                      68     
                      69     
                      70     
                      71     
                      72     
                      73     
                      74     
                      75     
                      76     
                      77     
                      78     
                      79     
                      80     
                      81     
                      82     
                      83     
                      84     
                      85     
                      86     
                      87     
                      88     
                      89     
                      90     
                      91     
                      92     
                      93     
                      94     
                      95     
                      96     
                      97     
                      98     
                      99     
                     100     
                     101     
                     102     
                     103     
                     104     
                     105     
                     106     
                     107     
                     108     
                     109     
                     110     
                     111     
                     112     
                     113     
                     114     
                     115     
                     116     
                     117     
                     118     
                     119     
                     120     
                     121     
                     122     
                     123     
A51 MACRO ASSEMBLER  TAREFA7_LEITURA_SERIAL_E_ENVIO_PARA_LCD                              09/12/2023 21:48:39 PAGE     3

                     124     
                     125     
                     126     
                     127     
                     128     
                     129     
                     130     
                     131     
                     132     
                     133     
                     134     
                     135     
                     136     
                     137     
                     138     
                     139     
                     140     
                     141     
                     142     
                     143     
                     144     
                     145     
                     146     
                     147     
                     148     
                     149     
                     150     
                     151     
                     152     
                     153     
                     154     
                     155     
                     156     
                     157     
                     158     
                     159     
                     160     
                     161     
*** WARNING #A41 IN 161 (tarefa7_Leitura serial e envio para LCD.asm, LINE 161): MISSING 'END' STATEMENT
A51 MACRO ASSEMBLER  TAREFA7_LEITURA_SERIAL_E_ENVIO_PARA_LCD                              09/12/2023 21:48:39 PAGE     4

SYMBOL TABLE LISTING
------ ----- -------


N A M E             T Y P E  V A L U E   ATTRIBUTES



REGISTER BANK(S) USED: 0 


ASSEMBLY COMPLETE.  1 WARNING(S), 0 ERROR(S)
